1735377703089	geckodriver	INFO	Listening on 127.0.0.1:50568
1735377706203	mozrunner::runner	INFO	Running command: "C:\\Program Files\\Mozilla Firefox\\firefox.exe" "--marionette" "--remote-debugging-port" "50569" "--remote-allow-hosts" "localhost" "-no-remote" "-profile" "C:\\Users\\Ben\\AppData\\Local\\Temp\\rust_mozprofileRpt8gs"
console.warn: services.settings: Ignoring preference override of remote settings server
console.warn: services.settings: Allow by setting MOZ_REMOTE_SETTINGS_DEVTOOLS=1 in the environment
Dynamically enable window occlusion 0
1735377708380	Marionette	INFO	Marionette enabled
1735377708623	Marionette	INFO	Listening on port 50577
WebDriver BiDi listening on ws://127.0.0.1:50569
Read port: 50577
1735377708942	RemoteAgent	WARN	TLS certificate errors will be ignored for this session
JavaScript warning: https://static.whatsapp.net/rsrc.php/v4iwGf4/yx/l/rt/kh9CGiSYBDJr0slkJ2BwGQ2RSfFSjWLjPw9CdAnhtLtz_2SsOE-ssqJYnK0rykQBR7vsWqehdEtWw.js, line 79: unreachable code after return statement
JavaScript warning: https://static.whatsapp.net/rsrc.php/v4/y6/r/ZEU0O75CknX.js, line 119: unreachable code after return statement
JavaScript warning: https://static.whatsapp.net/rsrc.php/v4i1Uk4/yS/l/rt/XYgU0BlEyJR.js, line 738: unreachable code after return statement
JavaScript warning: https://static.whatsapp.net/rsrc.php/v4i2rE4/yY/l/rt/-goaYZNGlSE.js, line 809: unreachable code after return statement
JavaScript warning: https://static.whatsapp.net/rsrc.php/v4i2rE4/yY/l/rt/-goaYZNGlSE.js, line 809: unreachable code after return statement
JavaScript warning: https://static.whatsapp.net/rsrc.php/v4i2rE4/yY/l/rt/-goaYZNGlSE.js, line 809: unreachable code after return statement
Exiting due to channel error.
Exiting due to channel error.
Exiting due to channel error.
1735613495025	geckodriver	INFO	Listening on 127.0.0.1:62782
1735613498118	mozrunner::runner	INFO	Running command: "C:\\Program Files\\Mozilla Firefox\\firefox.exe" "--marionette" "--remote-debugging-port" "62783" "--remote-allow-hosts" "localhost" "-no-remote" "-profile" "C:\\Users\\Ben\\AppData\\Local\\Temp\\rust_mozprofileKMv62c"
console.warn: services.settings: Ignoring preference override of remote settings server
console.warn: services.settings: Allow by setting MOZ_REMOTE_SETTINGS_DEVTOOLS=1 in the environment
Dynamically enable window occlusion 0
1735613500566	Marionette	INFO	Marionette enabled
1735613500805	Marionette	INFO	Listening on port 62791
WebDriver BiDi listening on ws://127.0.0.1:62783
Read port: 62791
1735613501131	RemoteAgent	WARN	TLS certificate errors will be ignored for this session
JavaScript warning: https://static.whatsapp.net/rsrc.php/v4iwGf4/yx/l/rt/kh9CGiSYBDJr0slkJ2BwGQ2RSfFSjWLjPw9CdAnhtLtz_2SsOE-ssqJYnK0rykQBR7vsWqehdEtWw.js, line 79: unreachable code after return statement
JavaScript warning: https://static.whatsapp.net/rsrc.php/v4/y6/r/ZEU0O75CknX.js, line 119: unreachable code after return statement
JavaScript warning: https://static.whatsapp.net/rsrc.php/v4i1Uk4/yS/l/rt/XYgU0BlEyJR.js, line 738: unreachable code after return statement
JavaScript warning: https://static.whatsapp.net/rsrc.php/v4i2rE4/yY/l/rt/-goaYZNGlSE.js, line 809: unreachable code after return statement
JavaScript warning: https://static.whatsapp.net/rsrc.php/v4i2rE4/yY/l/rt/-goaYZNGlSE.js, line 809: unreachable code after return statement
JavaScript warning: https://static.whatsapp.net/rsrc.php/v4i2rE4/yY/l/rt/-goaYZNGlSE.js, line 809: unreachable code after return statement
Exiting due to channel error.
1735613910999	geckodriver	INFO	Listening on 127.0.0.1:62940
1735613914062	mozrunner::runner	INFO	Running command: "C:\\Program Files\\Mozilla Firefox\\firefox.exe" "--marionette" "--remote-debugging-port" "62941" "--remote-allow-hosts" "localhost" "-no-remote" "-profile" "C:\\Users\\Ben\\AppData\\Local\\Temp\\rust_mozprofile8Wxl0X"
console.warn: services.settings: Ignoring preference override of remote settings server
console.warn: services.settings: Allow by setting MOZ_REMOTE_SETTINGS_DEVTOOLS=1 in the environment
Dynamically enable window occlusion 0
1735613914521	Marionette	INFO	Marionette enabled
1735613914686	Marionette	INFO	Listening on port 62949
WebDriver BiDi listening on ws://127.0.0.1:62941
Read port: 62949
1735613914894	RemoteAgent	WARN	TLS certificate errors will be ignored for this session
JavaScript warning: https://static.whatsapp.net/rsrc.php/v4iwGf4/yx/l/rt/kh9CGiSYBDJr0slkJ2BwGQ2RSfFSjWLjPw9CdAnhtLtz_2SsOE-ssqJYnK0rykQBR7vsWqehdEtWw.js, line 79: unreachable code after return statement
JavaScript warning: https://static.whatsapp.net/rsrc.php/v4/y6/r/ZEU0O75CknX.js, line 119: unreachable code after return statement
JavaScript warning: https://static.whatsapp.net/rsrc.php/v4i1Uk4/yS/l/rt/XYgU0BlEyJR.js, line 738: unreachable code after return statement
JavaScript warning: https://static.whatsapp.net/rsrc.php/v4i2rE4/yY/l/rt/-goaYZNGlSE.js, line 809: unreachable code after return statement
JavaScript warning: https://static.whatsapp.net/rsrc.php/v4i2rE4/yY/l/rt/-goaYZNGlSE.js, line 809: unreachable code after return statement
JavaScript warning: https://static.whatsapp.net/rsrc.php/v4i2rE4/yY/l/rt/-goaYZNGlSE.js, line 809: unreachable code after return statement
1735630469040	Marionette	INFO	Stopped listening on port 62949
JavaScript warning: https://static.whatsapp.net/rsrc.php/v4/yq/r/_gy748NDsoJ.js, line 34: Script terminated by timeout at:
Vm@https://static.whatsapp.net/rsrc.php/v4/yq/r/_gy748NDsoJ.js:34:166522
bi@https://static.whatsapp.net/rsrc.php/v4/yq/r/_gy748NDsoJ.js:34:90432
kk@https://static.whatsapp.net/rsrc.php/v4/yq/r/_gy748NDsoJ.js:34:127095
hk@https://static.whatsapp.net/rsrc.php/v4/yq/r/_gy748NDsoJ.js:34:126226
ek@https://static.whatsapp.net/rsrc.php/v4/yq/r/_gy748NDsoJ.js:34:125263
dk@https://static.whatsapp.net/rsrc.php/v4/yq/r/_gy748NDsoJ.js:34:125100
Rj@https://static.whatsapp.net/rsrc.php/v4/yq/r/_gy748NDsoJ.js:34:121462
Wd@https://static.whatsapp.net/rsrc.php/v4/yq/r/_gy748NDsoJ.js:34:31992
applyWithGuard@https://static.whatsapp.net/rsrc.php/v4/y5/r/TgLDzwcsyK1.js:71:10628
c@https://static.whatsapp.net/rsrc.php/v4/y5/r/TgLDzwcsyK1.js:71:11362
I@https://static.whatsapp.net/rsrc.php/v4/y5/r/TgLDzwcsyK1.js:227:1889

Dynamically enable window occlusion 1
[GFX1-]: 1735714043435	geckodriver	INFO	Listening on 127.0.0.1:58460
1735714046535	mozrunner::runner	INFO	Running command: "C:\\Program Files\\Mozilla Firefox\\firefox.exe" "--marionette" "--remote-debugging-port" "58461" "--remote-allow-hosts" "localhost" "-no-remote" "-profile" "C:\\Users\\Ben\\AppData\\Local\\Temp\\rust_mozprofileQxRnbL"
console.warn: services.settings: Ignoring preference override of remote settings server
console.warn: services.settings: Allow by setting MOZ_REMOTE_SETTINGS_DEVTOOLS=1 in the environment
Dynamically enable window occlusion 0
1735714048623	Marionette	INFO	Marionette enabled
1735714048894	Marionette	INFO	Listening on port 58468
WebDriver BiDi listening on ws://127.0.0.1:58461
Read port: 58468
1735714049211	RemoteAgent	WARN	TLS certificate errors will be ignored for this session
JavaScript warning: https://static.whatsapp.net/rsrc.php/v4iwGf4/yx/l/rt/kh9CGiSYBDJr0slkJ2BwGQ2RSfFSjWLjPw9CdAnhtLtz_2SsOE-ssqJYnK0rykQBR7vsWqehdEtWw.js, line 79: unreachable code after return statement
JavaScript warning: https://static.whatsapp.net/rsrc.php/v4/y6/r/ZEU0O75CknX.js, line 119: unreachable code after return statement
JavaScript warning: https://static.whatsapp.net/rsrc.php/v4i1Uk4/yS/l/rt/XYgU0BlEyJR.js, line 738: unreachable code after return statement
JavaScript warning: https://static.whatsapp.net/rsrc.php/v4i2rE4/yY/l/rt/-goaYZNGlSE.js, line 809: unreachable code after return statement
JavaScript warning: https://static.whatsapp.net/rsrc.php/v4i2rE4/yY/l/rt/-goaYZNGlSE.js, line 809: unreachable code after return statement
JavaScript warning: https://static.whatsapp.net/rsrc.php/v4i2rE4/yY/l/rt/-goaYZNGlSE.js, line 809: unreachable code after return statement
JavaScript warning: https://static.whatsapp.net/rsrc.php/v4/y6/r/ZEU0O75CknX.js, line 26: Script terminated by timeout at:
k/</Pc/i/get/</f.onsuccess@https://static.whatsapp.net/rsrc.php/v4/y6/r/ZEU0O75CknX.js:26:52346

1735714119667	Marionette	INFO	Stopped listening on port 58468
Dynamically enable window occlusion 1
1737082218316	geckodriver	INFO	Listening on 127.0.0.1:61001
1737082221411	mozrunner::runner	INFO	Running command: "C:\\Program Files\\Mozilla Firefox\\firefox.exe" "--marionette" "--remote-debugging-port" "61002" "--remote-allow-hosts" "localhost" "-no-remote" "-profile" "C:\\Users\\Ben\\AppData\\Local\\Temp\\rust_mozprofileuebGhJ"
console.warn: services.settings: Ignoring preference override of remote settings server
console.warn: services.settings: Allow by setting MOZ_REMOTE_SETTINGS_DEVTOOLS=1 in the environment
Dynamically enable window occlusion 0
1737082223956	Marionette	INFO	Marionette enabled
1737082224218	Marionette	INFO	Listening on port 61009
WebDriver BiDi listening on ws://127.0.0.1:61002
Read port: 61009
1737082224495	RemoteAgent	WARN	TLS certificate errors will be ignored for this session
JavaScript warning: https://static.whatsapp.net/rsrc.php/v4iwGf4/yh/l/rt/6Gr0cr9nY8iEHIfCGWRgPWBKsp3s0yZlO_FJY9Y1QFPG_2SsOE-ssqJFrLVoGnp8cEvsWqehdEtWw.js, line 82: unreachable code after return statement
JavaScript warning: https://static.whatsapp.net/rsrc.php/v4iXhN4/yc/l/rt/74jK2o60whM.js, line 737: unreachable code after return statement
JavaScript warning: https://static.whatsapp.net/rsrc.php/v4izHJ4/yK/l/rt/Y4iBYqbKBUb.js, line 790: unreachable code after return statement
JavaScript warning: https://static.whatsapp.net/rsrc.php/v4izHJ4/yK/l/rt/Y4iBYqbKBUb.js, line 790: unreachable code after return statement
JavaScript warning: https://static.whatsapp.net/rsrc.php/v4izHJ4/yK/l/rt/Y4iBYqbKBUb.js, line 790: unreachable code after return statement
JavaScript warning: https://static.whatsapp.net/rsrc.php/v4iwGf4/yh/l/rt/6Gr0cr9nY8iEHIfCGWRgPWBKsp3s0yZlO_FJY9Y1QFPG_2SsOE-ssqJFrLVoGnp8cEvsWqehdEtWw.js, line 175: Script terminated by timeout at:
A@https://static.whatsapp.net/rsrc.php/v4iwGf4/yh/l/rt/6Gr0cr9nY8iEHIfCGWRgPWBKsp3s0yZlO_FJY9Y1QFPG_2SsOE-ssqJFrLVoGnp8cEvsWqehdEtWw.js:175:3033
k@https://static.whatsapp.net/rsrc.php/v4iwGf4/yh/l/rt/6Gr0cr9nY8iEHIfCGWRgPWBKsp3s0yZlO_FJY9Y1QFPG_2SsOE-ssqJFrLVoGnp8cEvsWqehdEtWw.js:175:284
j.async@https://static.whatsapp.net/rsrc.php/v4iwGf4/yh/l/rt/6Gr0cr9nY8iEHIfCGWRgPWBKsp3s0yZlO_FJY9Y1QFPG_2SsOE-ssqJFrLVoGnp8cEvsWqehdEtWw.js:175:1632
a@https://static.whatsapp.net/rsrc.php/v4izHJ4/yK/l/rt/Y4iBYqbKBUb.js:769:483
l/l<@https://static.whatsapp.net/rsrc.php/v4izHJ4/yK/l/rt/Y4iBYqbKBUb.js:1118:1029
h@https://static.whatsapp.net/rsrc.php/v4iwGf4/yh/l/rt/6Gr0cr9nY8iEHIfCGWRgPWBKsp3s0yZlO_FJY9Y1QFPG_2SsOE-ssqJFrLVoGnp8cEvsWqehdEtWw.js:171:125
g@https://static.whatsapp.net/rsrc.php/v4iwGf4/yh/l/rt/6Gr0cr9nY8iEHIfCGWRgPWBKsp3s0yZlO_FJY9Y1QFPG_2SsOE-ssqJFrLVoGnp8cEvsWqehdEtWw.js:171:350
a/</<@https://static.whatsapp.net/rsrc.php/v4iwGf4/yh/l/rt/6Gr0cr9nY8iEHIfCGWRgPWBKsp3s0yZlO_FJY9Y1QFPG_2SsOE-ssqJFrLVoGnp8cEvsWqehdEtWw.js:171:409
a/<@https://static.whatsapp.net/rsrc.php/v4iwGf4/yh/l/rt/6Gr0cr9nY8iEHIfCGWRgPWBKsp3s0yZlO_FJY9Y1QFPG_2SsOE-ssqJFrLVoGnp8cEvsWqehdEtWw.js:171:277
a@https://static.whatsapp.net/rsrc.php/v4izHJ4/yK/l/rt/Y4iBYqbKBUb.js:1118:597
u/u<@https://static.whatsapp.net/rsrc.php/v4izHJ4/yK/l/rt/Y4iBYqbKBUb.js:1120:3221
h@https://static.whatsapp.net/rsrc.php/v4iwGf4/yh/l/rt/6Gr0cr9nY8iEHIfCGWRgPWBKsp3s0yZlO_FJY9Y1QFPG_2SsOE-ssqJFrLVoGnp8cEvsWqehdEtWw.js:171:125
g@https://static.whatsapp.net/rsrc.php/v4iwGf4/yh/l/rt/6Gr0cr9nY8iEHIfCGWRgPWBKsp3s0yZlO_FJY9Y1QFPG_2SsOE-ssqJFrLVoGnp8cEvsWqehdEtWw.js:171:350
a/</<@https://static.whatsapp.net/rsrc.php/v4iwGf4/yh/l/rt/6Gr0cr9nY8iEHIfCGWRgPWBKsp3s0yZlO_FJY9Y1QFPG_2SsOE-ssqJFrLVoGnp8cEvsWqehdEtWw.js:171:409
a/<@https://static.whatsapp.net/rsrc.php/v4iwGf4/yh/l/rt/6Gr0cr9nY8iEHIfCGWRgPWBKsp3s0yZlO_FJY9Y1QFPG_2SsOE-ssqJFrLVoGnp8cEvsWqehdEtWw.js:171:277
t@https://static.whatsapp.net/rsrc.php/v4izHJ4/yK/l/rt/Y4iBYqbKBUb.js:1120:2980
z/z<@https://static.whatsapp.net/rsrc.php/v4izHJ4/yK/l/rt/Y4iBYqbKBUb.js:1120:5473
h@https://static.whatsapp.net/rsrc.php/v4iwGf4/yh/l/rt/6Gr0cr9nY8iEHIfCGWRgPWBKsp3s0yZlO_FJY9Y1QFPG_2SsOE-ssqJFrLVoGnp8cEvsWqehdEtWw.js:171:125
g@https://static.whatsapp.net/rsrc.php/v4iwGf4/yh/l/rt/6Gr0cr9nY8iEHIfCGWRgPWBKsp3s0yZlO_FJY9Y1QFPG_2SsOE-ssqJFrLVoGnp8cEvsWqehdEtWw.js:171:350
a/</<@https://static.whatsapp.net/rsrc.php/v4iwGf4/yh/l/rt/6Gr0cr9nY8iEHIfCGWRgPWBKsp3s0yZlO_FJY9Y1QFPG_2SsOE-ssqJFrLVoGnp8cEvsWqehdEtWw.js:171:409
a/<@https://static.whatsapp.net/rsrc.php/v4iwGf4/yh/l/rt/6Gr0cr9nY8iEHIfCGWRgPWBKsp3s0yZlO_FJY9Y1QFPG_2SsOE-ssqJFrLVoGnp8cEvsWqehdEtWw.js:171:277
y@https://static.whatsapp.net/rsrc.php/v4izHJ4/yK/l/rt/Y4iBYqbKBUb.js:1120:4951
e/f.findImpl@https://static.whatsapp.net/rsrc.php/v4izHJ4/yK/l/rt/Y4iBYqbKBUb.js:2218:2441
a<@https://static.whatsapp.net/rsrc.php/v4izHJ4/yK/l/rt/Y4iBYqbKBUb.js:1886:5470
h@https://static.whatsapp.net/rsrc.php/v4iwGf4/yh/l/rt/6Gr0cr9nY8iEHIfCGWRgPWBKsp3s0yZlO_FJY9Y1QFPG_2SsOE-ssqJFrLVoGnp8cEvsWqehdEtWw.js:171:125
g@https://static.whatsapp.net/rsrc.php/v4iwGf4/yh/l/rt/6Gr0cr9nY8iEHIfCGWRgPWBKsp3s0yZlO_FJY9Y1QFPG_2SsOE-ssqJFrLVoGnp8cEvsWqehdEtWw.js:171:350
a/</<@https://static.whatsapp.net/rsrc.php/v4iwGf4/yh/l/rt/6Gr0cr9nY8iEHIfCGWRgPWBKsp3s0yZlO_FJY9Y1QFPG_2SsOE-ssqJFrLVoGnp8cEvsWqehdEtWw.js:171:409
a/<@https://static.whatsapp.net/rsrc.php/v4iwGf4/yh/l/rt/6Gr0cr9nY8iEHIfCGWRgPWBKsp3s0yZlO_FJY9Y1QFPG_2SsOE-ssqJFrLVoGnp8cEvsWqehdEtWw.js:171:277
f._query@https://static.whatsapp.net/rsrc.php/v4izHJ4/yK/l/rt/Y4iBYqbKBUb.js:1886:4986
f.find@https://static.whatsapp.net/rsrc.php/v4izHJ4/yK/l/rt/Y4iBYqbKBUb.js:1886:3231
f._refreshStaleModel@https://static.whatsapp.net/rsrc.php/v4/yS/r/g5c0VTUu9c7.js:977:2326
f.incObservers@https://static.whatsapp.net/rsrc.php/v4/yS/r/g5c0VTUu9c7.js:977:2628
b.attachConcern@https://static.whatsapp.net/rsrc.php/v4izHJ4/yK/l/rt/Y4iBYqbKBUb.js:2556:2214
o/<@https://static.whatsapp.net/rsrc.php/v4izHJ4/yK/l/rt/Y4iBYqbKBUb.js:2726:1476
fi@https://static.whatsapp.net/rsrc.php/v4/y-/r/wk3tgsUrHYx.js:34:95773
Yi@https://static.whatsapp.net/rsrc.php/v4/y-/r/wk3tgsUrHYx.js:34:115257
Xi@https://static.whatsapp.net/rsrc.php/v4/y-/r/wk3tgsUrHYx.js:34:115143
Yi@https://static.whatsapp.net/rsrc.php/v4/y-/r/wk3tgsUrHYx.js:34:116645
Xi@https://static.whatsapp.net/rsrc.php/v4/y-/r/wk3tgsUrHYx.js:34:115143
Yi@https://static.whatsapp.net/rsrc.php/v4/y-/r/wk3tgsUrHYx.js:34:115239
Xi@https://static.whatsapp.net/rsrc.php/v4/y-/r/wk3tgsUrHYx.js:34:115143
Yi@https://static.whatsapp.net/rsrc.php/v4/y-/r/wk3tgsUrHYx.js:34:115239
Xi@https://static.whatsapp.net/rsrc.php/v4/y-/r/wk3tgsUrHYx.js:34:115143
Yi@https://static.whatsapp.net/rsrc.php/v4/y-/r/wk3tgsUrHYx.js:34:115239
Xi@https://static.whatsapp.net/rsrc.php/v4/y-/r/wk3tgsUrHYx.js:34:115143
Yi@https://static.whatsapp.net/rsrc.php/v4/y-/r/wk3tgsUrHYx.js:34:116645
Xi@https://static.whatsapp.net/rsrc.php/v4/y-/r/wk3tgsUrHYx.js:34:115143
Yi@https://static.whatsapp.net/rsrc.php/v4/y-/r/wk3tgsUrHYx.js:34:115239
Xi@https://static.whatsapp.net/rsrc.php/v4/y-/r/wk3tgsUrHYx.js:34:115143
Yi@https://static.whatsapp.net/rsrc.php/v4/y-/r/wk3tgsUrHYx.js:34:115280
Xi@https://static.whatsapp.net/rsrc.php/v4/y-/r/wk3tgsUrHYx.js:34:115143
Yi@https://static.whatsapp.net/rsrc.php/v4/y-/r/wk3tgsUrHYx.js:34:116645
Xi@https://static.whatsapp.net/rsrc.php/v4/y-/r/wk3tgsUrHYx.js:34:115143
Yi@https://static.whatsapp.net/rsrc.php/v4/y-/r/wk3tgsUrHYx.js:34:116645
Xi@https://static.whatsapp.net/rsrc.php/v4/y-/r/wk3tgsUrHYx.js:34:115143
Yi@https://static.whatsapp.net/rsrc.php/v4/y-/r/wk3tgsUrHYx.js:34:116645
Xi@https://static.whatsapp.net/rsrc.php/v4/y-/r/wk3tgsUrHYx.js:34:115143
Yi@https://static.whatsapp.net/rsrc.php/v4/y-/r/wk3tgsUrHYx.js:34:115239
Xi@https://static.whatsapp.net/rsrc.php/v4/y-/r/wk3tgsUrHYx.js:34:115143
Yi@https://static.whatsapp.net/rsrc.php/v4/y-/r/wk3tgsUrHYx.js:34:115239
Xi@https://static.whatsapp.net/rsrc.php/v4/y-/r/wk3tgsUrHYx.js:34:115143
Yi@https://static.whatsapp.net/rsrc.php/v4/y-/r/wk3tgsUrHYx.js:34:116645
Xi@https://static.whatsapp.net/rsrc.php/v4/y-/r/wk3tgsUrHYx.js:34:115143
Yi@https://static.whatsapp.net/rsrc.php/v4/y-/r/wk3tgsUrHYx.js:34:115239
Xi@https://static.whatsapp.net/rsrc.php/v4/y-/r/wk3tgsUrHYx.js:34:115143
Yi@https://static.whatsapp.net/rsrc.php/v4/y-/r/wk3tgsUrHYx.js:34:116645
Xi@https://static.whatsapp.net/rsrc.php/v4/y-/r/wk3tgsUrHYx.js:34:115143
Yi@https://static.whatsapp.net/rsrc.php/v4/y-/r/wk3tgsUrHYx.js:34:115280
Xi@https://static.whatsapp.net/rsrc.php/v4/y-/r/wk3tgsUrHYx.js:34:115143
Yi@https://static.whatsapp.net/rsrc.php/v4/y-/r/wk3tgsUrHYx.js:34:115280
Xi@https://static.whatsapp.net/rsrc.php/v4/y-/r/wk3tgsUrHYx.js:34:115143
Yi@https://static.whatsapp.net/rsrc.php/v4/y-/r/wk3tgsUrHYx.js:34:115280
Xi@https://static.whatsapp.net/rsrc.php/v4/y-/r/wk3tgsUrHYx.js:34:115143
Yi@https://static.whatsapp.net/rsrc.php/v4/y-/r/wk3tgsUrHYx.js:34:115280
Xi@https://static.whatsapp.net/rsrc.php/v4/y-/r/wk3tgsUrHYx.js:34:115143
Yi@https://static.whatsapp.net/rsrc.php/v4/y-/r/wk3tgsUrHYx.js:34:116645
Xi@https://static.whatsapp.net/rsrc.php/v4/y-/r/wk3tgsUrHYx.js:34:115143
Yi@https://static.whatsapp.net/rsrc.php/v4/y-/r/wk3tgsUrHYx.js:34:115239
Xi@https://static.whatsapp.net/rsrc.php/v4/y-/r/wk3tgsUrHYx.js:34:115143
Yi@https://static.whatsapp.net/rsrc.php/v4/y-/r/wk3tgsUrHYx.js:34:115280
Xi@https://static.whatsapp.net/rsrc.php/v4/y-/r/wk3tgsUrHYx.js:34:115143
Yi@https://static.whatsapp.net/rsrc.php/v4/y-/r/wk3tgsUrHYx.js:34:116645
Xi@https://static.whatsapp.net/rsrc.php/v4/y-/r/wk3tgsUrHYx.js:34:115143
Yi@https://static.whatsapp.net/rsrc.php/v4/y-/r/wk3tgsUrHYx.js:34:115239
Xi@https://static.whatsapp.net/rsrc.php/v4/y-/r/wk3tgsUrHYx.js:34:115143
Yi@https://static.whatsapp.net/rsrc.php/v4/y-/r/wk3tgsUrHYx.js:34:116645
Xi@https://static.whatsapp.net/rsrc.php/v4/y-/r/wk3tgsUrHYx.js:34:115143
Yi@https://static.whatsapp.net/rsrc.php/v4/y-/r/wk3tgsUrHYx.js:34:116645
Xi@https://static.whatsapp.net/rsrc.php/v4/y-/r/wk3tgsUrHYx.js:34:115143
Yi@https://static.whatsapp.net/rsrc.php/v4/y-/r/wk3tgsUrHYx.js:34:116645
Xi@https://static.whatsapp.net/rsrc.php/v4/y-/r/wk3tgsUrHYx.js:34:115143
Yi@https://static.whatsapp.net/rsrc.php/v4/y-/r/wk3tgsUrHYx.js:34:115239
Xi@https://static.whatsapp.net/rsrc.php/v4/y-/r/wk3tgsUrHYx.js:34:115143
Yi@https://static.whatsapp.net/rsrc.php/v4/y-/r/wk3tgsUrHYx.js:34:115239
Xi@https://static.whatsapp.net/rsrc.php/v4/y-/r/wk3tgsUrHYx.js:34:115143
Yi@https://static.whatsapp.net/rsrc.php/v4/y-/r/wk3tgsUrHYx.js:34:116645
Xi@https://static.whatsapp.net/rsrc.php/v4/y-/r/wk3tgsUrHYx.js:34:115143
Yi@https://static.whatsapp.net/rsrc.php/v4/y-/r/wk3tgsUrHYx.js:34:115239
Xi@https://static.whatsapp.net/rsrc.php/v4/y-/r/wk3tgsUrHYx.js:34:115143
Yi@https://static.whatsapp.net/rsrc.php/v4/y-/r/wk3tgsUrHYx.js:34:116645
Xi@https://static.whatsapp.net/rsrc.php/v4/y-/r/wk3tgsUrHYx.js:34:115143
Yi@https://static.whatsapp.net/rsrc.php/v4/y-/r/wk3tgsUrHYx.js:34:115239
Xi@https://static.whatsapp.net/rsrc.php/v4/y-/r/wk3tgsUrHYx.js:34:115143
Yi@https://static.whatsapp.net/rsrc.php/v4/y-/r/wk3tgsUrHYx.js:34:115280
Xi@https://static.whatsapp.net/rsrc.php/v4/y-/r/wk3tgsUrHYx.js:34:115143
Yi@https://static.whatsapp.net/rsrc.php/v4/y-/r/wk3tgsUrHYx.js:34:115280
Xi@https://static.whatsapp.net/rsrc.php/v4/y-/r/wk3tgsUrHYx.js:34:115143
Yi@https://static.whatsapp.net/rsrc.php/v4/y-/r/wk3tgsUrHYx.js:34:115280
Xi@https://static.whatsapp.net/rsrc.php/v4/y-/r/wk3tgsUrHYx.js:34:115143
Yi@https://static.whatsapp.net/rsrc.php/v4/y-/r/wk3tgsUrHYx.js:34:116645
Xi@https://static.whatsapp.net/rsrc.php/v4/y-/r/wk3tgsUrHYx.js:34:115143
Yi@https://static.whatsapp.net/rsrc.php/v4/y-/r/wk3tgsUrHYx.js:34:115239
Xi@https://static.whatsapp.net/rsrc.php/v4/y-/r/wk3tgsUrHYx.js:34:115143
Yi@https://static.whatsapp.net/rsrc.php/v4/y-/r/wk3tgsUrHYx.js:34:115239
Xi@https://static.whatsapp.net/rsrc.php/v4/y-/r/wk3tgsUrHYx.js:34:115143
Yi@https://static.whatsapp.net/rsrc.php/v4/y-/r/wk3tgsUrHYx.js:34:115280
Xi@https://static.whatsapp.net/rsrc.php/v4/y-/r/wk3tgsUrHYx.js:34:115143
Yi@https://static.whatsapp.net/rsrc.php/v4/y-/r/wk3tgsUrHYx.js:34:116645
Xi@https://static.whatsapp.net/rsrc.php/v4/y-/r/wk3tgsUrHYx.js:34:115143

1737082426141	Marionette	INFO	Stopped listening on port 61009
Dynamically enable window occlusion 1
1737082438815	geckodriver	INFO	Listening on 127.0.0.1:61072
1737082441885	mozrunner::runner	INFO	Running command: "C:\\Program Files\\Mozilla Firefox\\firefox.exe" "--marionette" "--remote-debugging-port" "61073" "--remote-allow-hosts" "localhost" "-no-remote" "-profile" "C:\\Users\\Ben\\AppData\\Local\\Temp\\rust_mozprofilevnjg3a"
console.warn: services.settings: Ignoring preference override of remote settings server
console.warn: services.settings: Allow by setting MOZ_REMOTE_SETTINGS_DEVTOOLS=1 in the environment
Dynamically enable window occlusion 0
1737082442420	Marionette	INFO	Marionette enabled
1737082442587	Marionette	INFO	Listening on port 61080
WebDriver BiDi listening on ws://127.0.0.1:61073
Read port: 61080
1737082442813	RemoteAgent	WARN	TLS certificate errors will be ignored for this session
JavaScript warning: https://static.whatsapp.net/rsrc.php/v4iwGf4/yh/l/rt/6Gr0cr9nY8iEHIfCGWRgPWBKsp3s0yZlO_FJY9Y1QFPG_2SsOE-ssqJFrLVoGnp8cEvsWqehdEtWw.js, line 82: unreachable code after return statement
JavaScript warning: https://static.whatsapp.net/rsrc.php/v4iXhN4/yc/l/rt/74jK2o60whM.js, line 737: unreachable code after return statement
JavaScript warning: https://static.whatsapp.net/rsrc.php/v4izHJ4/yK/l/rt/Y4iBYqbKBUb.js, line 790: unreachable code after return statement
JavaScript warning: https://static.whatsapp.net/rsrc.php/v4izHJ4/yK/l/rt/Y4iBYqbKBUb.js, line 790: unreachable code after return statement
JavaScript warning: https://static.whatsapp.net/rsrc.php/v4izHJ4/yK/l/rt/Y4iBYqbKBUb.js, line 790: unreachable code after return statement
JavaScript warning: https://static.whatsapp.net/rsrc.php/v4/ym/r/Kuiau5ja_k3.js, line 227: Script terminated by timeout at:
h.unstable_now@https://static.whatsapp.net/rsrc.php/v4/ym/r/Kuiau5ja_k3.js:227:1005
I@https://static.whatsapp.net/rsrc.php/v4/ym/r/Kuiau5ja_k3.js:227:1916

1737082486298	Marionette	INFO	Stopped listening on port 61080
Dynamically enable window occlusion 1
